2026-02-17 00:17:28,865 | INFO | 🔒 LOG FILE LOCKED AND WRITING TO: c:\Users\a\Documents\IESA Project Models\execution_trace.log
2026-02-17 00:17:28,945 | INFO | ✅ ONNX Model loaded successfully into CPUExecutionProvider.
2026-02-17 00:17:28,945 | INFO | 🚀 Initiating Hardware-Compliant Inference Sequence...
2026-02-17 00:17:28,945 | INFO | ⚙️ Static MCU Scaling: MEAN=108.02, STD=42.94
2026-02-17 00:17:28,946 | INFO | 🛡️ Active Risk Gate: Clean_Thresh=0.125, Other_Veto=0.12
2026-02-17 00:17:28,946 | INFO | -------------------------------------------------------------------------------
2026-02-17 00:17:28,946 | INFO | FILENAME             | TRUE     | PRED     | CONFIDENCE   | LATENCY (ms)
2026-02-17 00:17:28,946 | INFO | -------------------------------------------------------------------------------
2026-02-17 00:17:28,957 | INFO | BRG_001.png          | Bridge   | Bridge   | 0.1114       | 8.34 ms
2026-02-17 00:17:28,968 | INFO | BRG_002.png          | Bridge   | Bridge   | 0.1055       | 7.39 ms
2026-02-17 00:17:28,976 | INFO | BRG_003.png          | Bridge   | Open     | 0.1157       | 4.40 ms
2026-02-17 00:17:28,983 | INFO | BRG_004.png          | Bridge   | Open     | 0.1061       | 5.44 ms
2026-02-17 00:17:28,990 | INFO | BRG_005.png          | Bridge   | Bridge   | 0.1111       | 5.37 ms
2026-02-17 00:17:28,998 | INFO | BRG_006.png          | Bridge   | Clean    | 0.1567       | 4.82 ms
2026-02-17 00:17:29,006 | INFO | BRG_007.png          | Bridge   | Crack    | 0.1145       | 6.53 ms
2026-02-17 00:17:29,013 | INFO | BRG_008.png          | Bridge   | Crack    | 0.1155       | 4.79 ms
2026-02-17 00:17:29,021 | INFO | BRG_009.png          | Bridge   | Bridge   | 0.1165       | 5.13 ms
2026-02-17 00:17:29,027 | INFO | BRG_010.png          | Bridge   | Open     | 0.1100       | 4.46 ms
2026-02-17 00:17:29,036 | INFO | BRG_011.png          | Bridge   | Bridge   | 0.1074       | 6.04 ms
2026-02-17 00:17:29,045 | INFO | BRG_012.png          | Bridge   | Bridge   | 0.1140       | 5.31 ms
2026-02-17 00:17:29,052 | INFO | BRG_013.png          | Bridge   | Bridge   | 0.1035       | 5.16 ms
2026-02-17 00:17:29,058 | INFO | BRG_014.png          | Bridge   | Open     | 0.1087       | 4.62 ms
2026-02-17 00:17:29,065 | INFO | BRG_015.png          | Bridge   | Bridge   | 0.1035       | 4.84 ms
2026-02-17 00:17:29,072 | INFO | BRG_016.png          | Bridge   | Bridge   | 0.1094       | 5.18 ms
2026-02-17 00:17:29,081 | INFO | BRG_017.png          | Bridge   | Open     | 0.1185       | 5.92 ms
2026-02-17 00:17:29,088 | INFO | BRG_018.png          | Bridge   | Bridge   | 0.1093       | 5.33 ms
2026-02-17 00:17:29,096 | INFO | BRG_019.png          | Bridge   | Open     | 0.1079       | 5.18 ms
2026-02-17 00:17:29,105 | INFO | BRG_020.png          | Bridge   | Other    | 0.1252       | 5.58 ms
2026-02-17 00:17:29,112 | INFO | BRG_021.png          | Bridge   | Clean    | 0.1298       | 5.14 ms
2026-02-17 00:17:29,120 | INFO | BRG_022.png          | Bridge   | Bridge   | 0.1118       | 5.61 ms
2026-02-17 00:17:29,128 | INFO | BRG_023.png          | Bridge   | Crack    | 0.1147       | 5.44 ms
2026-02-17 00:17:29,137 | INFO | BRG_024.png          | Bridge   | Other    | 0.1094       | 5.83 ms
2026-02-17 00:17:29,145 | INFO | BRG_025.png          | Bridge   | Bridge   | 0.1091       | 5.26 ms
2026-02-17 00:17:29,152 | INFO | BRG_026.png          | Bridge   | Other    | 0.1481       | 5.18 ms
2026-02-17 00:17:29,158 | INFO | BRG_027.png          | Bridge   | Bridge   | 0.1111       | 4.48 ms
2026-02-17 00:17:29,166 | INFO | BRG_028.png          | Bridge   | Bridge   | 0.1079       | 4.63 ms
2026-02-17 00:17:29,173 | INFO | BRG_029.png          | Bridge   | Bridge   | 0.1155       | 4.90 ms
2026-02-17 00:17:29,180 | INFO | BRG_030.png          | Bridge   | Open     | 0.1119       | 4.77 ms
2026-02-17 00:17:29,188 | INFO | BRG_031.png          | Bridge   | Bridge   | 0.1191       | 5.46 ms
2026-02-17 00:17:29,196 | INFO | BRG_032.png          | Bridge   | Open     | 0.1102       | 5.42 ms
2026-02-17 00:17:29,205 | INFO | CLN_001.png          | Clean    | Open     | 0.1148       | 5.61 ms
2026-02-17 00:17:29,212 | INFO | CLN_002.png          | Clean    | Clean    | 0.1295       | 5.43 ms
2026-02-17 00:17:29,220 | INFO | CLN_003.png          | Clean    | Other    | 0.1493       | 5.21 ms
2026-02-17 00:17:29,227 | INFO | CLN_004.png          | Clean    | Clean    | 0.1792       | 5.22 ms
2026-02-17 00:17:29,235 | INFO | CLN_005.png          | Clean    | Other    | 0.1371       | 5.64 ms
2026-02-17 00:17:29,241 | INFO | CLN_006.png          | Clean    | Clean    | 0.1280       | 4.51 ms
2026-02-17 00:17:29,249 | INFO | CLN_007.png          | Clean    | Other    | 0.1280       | 5.67 ms
2026-02-17 00:17:29,256 | INFO | CLN_008.png          | Clean    | Other    | 0.1658       | 4.40 ms
2026-02-17 00:17:29,262 | INFO | CLN_009.png          | Clean    | Clean    | 0.1329       | 4.35 ms
2026-02-17 00:17:29,270 | INFO | CLN_010.png          | Clean    | Clean    | 0.1533       | 5.25 ms
2026-02-17 00:17:29,277 | INFO | CLN_011.png          | Clean    | Open     | 0.1175       | 4.88 ms
2026-02-17 00:17:29,285 | INFO | CLN_012.png          | Clean    | Other    | 0.1164       | 5.17 ms
2026-02-17 00:17:29,292 | INFO | CLN_013.png          | Clean    | Clean    | 0.1452       | 4.98 ms
2026-02-17 00:17:29,300 | INFO | CLN_014.png          | Clean    | Open     | 0.1163       | 5.33 ms
2026-02-17 00:17:29,306 | INFO | CLN_015.png          | Clean    | Open     | 0.1105       | 4.49 ms
2026-02-17 00:17:29,314 | INFO | CLN_016.png          | Clean    | Other    | 0.1267       | 5.42 ms
2026-02-17 00:17:29,321 | INFO | CLN_017.png          | Clean    | Other    | 0.1441       | 5.22 ms
2026-02-17 00:17:29,329 | INFO | CLN_018.png          | Clean    | Crack    | 0.1085       | 4.50 ms
2026-02-17 00:17:29,336 | INFO | CLN_019.png          | Clean    | Clean    | 0.1826       | 5.62 ms
2026-02-17 00:17:29,343 | INFO | CLN_020.png          | Clean    | Bridge   | 0.1198       | 4.45 ms
2026-02-17 00:17:29,352 | INFO | CLN_021.png          | Clean    | Clean    | 0.1468       | 6.58 ms
2026-02-17 00:17:29,359 | INFO | CLN_022.png          | Clean    | Clean    | 0.1549       | 5.21 ms
2026-02-17 00:17:29,366 | INFO | CLN_023.png          | Clean    | Clean    | 0.1349       | 5.17 ms
2026-02-17 00:17:29,373 | INFO | CLN_024.png          | Clean    | Open     | 0.1134       | 4.46 ms
2026-02-17 00:17:29,381 | INFO | CLN_025.png          | Clean    | CMP      | 0.1193       | 5.47 ms
2026-02-17 00:17:29,388 | INFO | CLN_026.png          | Clean    | Other    | 0.1686       | 4.97 ms
2026-02-17 00:17:29,395 | INFO | CLN_027.png          | Clean    | Other    | 0.1337       | 4.93 ms
2026-02-17 00:17:29,402 | INFO | CLN_028.png          | Clean    | Open     | 0.1224       | 5.17 ms
2026-02-17 00:17:29,409 | INFO | CLN_029.png          | Clean    | Clean    | 0.1257       | 4.98 ms
2026-02-17 00:17:29,416 | INFO | CLN_030.png          | Clean    | Other    | 0.1346       | 4.85 ms
2026-02-17 00:17:29,423 | INFO | CLN_031.png          | Clean    | Open     | 0.1159       | 4.32 ms
2026-02-17 00:17:29,430 | INFO | CLN_032.png          | Clean    | Bridge   | 0.1230       | 4.92 ms
2026-02-17 00:17:29,438 | INFO | CLN_033.png          | Clean    | Open     | 0.1087       | 5.18 ms
2026-02-17 00:17:29,445 | INFO | CMP_001.png          | CMP      | Other    | 0.1412       | 4.44 ms
2026-02-17 00:17:29,453 | INFO | CMP_002.png          | CMP      | Other    | 0.1250       | 5.51 ms
2026-02-17 00:17:29,459 | INFO | CMP_003.png          | CMP      | Open     | 0.1122       | 4.24 ms
2026-02-17 00:17:29,469 | INFO | CMP_004.png          | CMP      | Bridge   | 0.1138       | 6.31 ms
2026-02-17 00:17:29,476 | INFO | CMP_005.png          | CMP      | Crack    | 0.1052       | 4.28 ms
2026-02-17 00:17:29,483 | INFO | CMP_006.png          | CMP      | Crack    | 0.1162       | 4.76 ms
2026-02-17 00:17:29,491 | INFO | CMP_007.png          | CMP      | Open     | 0.1131       | 4.50 ms
2026-02-17 00:17:29,499 | INFO | CMP_008.png          | CMP      | Clean    | 0.1432       | 5.63 ms
2026-02-17 00:17:29,507 | INFO | CMP_009.png          | CMP      | Other    | 0.1342       | 5.57 ms
2026-02-17 00:17:29,514 | INFO | CMP_010.png          | CMP      | Bridge   | 0.1177       | 4.86 ms
2026-02-17 00:17:29,522 | INFO | CMP_011.png          | CMP      | Clean    | 0.1324       | 5.59 ms
2026-02-17 00:17:29,529 | INFO | CMP_012.png          | CMP      | Other    | 0.1918       | 4.51 ms
2026-02-17 00:17:29,537 | INFO | CMP_013.png          | CMP      | Open     | 0.1149       | 5.56 ms
2026-02-17 00:17:29,545 | INFO | CMP_014.png          | CMP      | Other    | 0.1117       | 5.25 ms
2026-02-17 00:17:29,552 | INFO | CMP_015.png          | CMP      | Open     | 0.1155       | 5.06 ms
2026-02-17 00:17:29,559 | INFO | CMP_016.png          | CMP      | Clean    | 0.1617       | 4.34 ms
2026-02-17 00:17:29,566 | INFO | CMP_017.png          | CMP      | Crack    | 0.1231       | 5.49 ms
2026-02-17 00:17:29,573 | INFO | CMP_018.png          | CMP      | Crack    | 0.1043       | 4.59 ms
2026-02-17 00:17:29,580 | INFO | CMP_019.png          | CMP      | Bridge   | 0.1087       | 4.73 ms
2026-02-17 00:17:29,588 | INFO | CMP_020.png          | CMP      | Crack    | 0.1092       | 4.61 ms
2026-02-17 00:17:29,594 | INFO | CMP_021.png          | CMP      | Clean    | 0.1394       | 4.51 ms
2026-02-17 00:17:29,602 | INFO | CMP_022.png          | CMP      | Open     | 0.1058       | 5.62 ms
2026-02-17 00:17:29,609 | INFO | CMP_023.png          | CMP      | Open     | 0.1095       | 5.04 ms
2026-02-17 00:17:29,618 | INFO | CMP_024.png          | CMP      | CMP      | 0.1093       | 6.21 ms
2026-02-17 00:17:29,624 | INFO | CMP_025.png          | CMP      | CMP      | 0.1150       | 4.47 ms
2026-02-17 00:17:29,632 | INFO | CMP_026.png          | CMP      | Other    | 0.1362       | 5.00 ms
2026-02-17 00:17:29,639 | INFO | CMP_027.png          | CMP      | Open     | 0.1192       | 4.54 ms
2026-02-17 00:17:29,646 | INFO | CMP_028.png          | CMP      | Crack    | 0.1124       | 5.38 ms
2026-02-17 00:17:29,654 | INFO | CMP_029.png          | CMP      | CMP      | 0.1147       | 5.07 ms
2026-02-17 00:17:29,660 | INFO | CMP_030.png          | CMP      | CMP      | 0.1103       | 5.03 ms
2026-02-17 00:17:29,668 | INFO | CRK_001.png          | Crack    | Crack    | 0.1051       | 5.87 ms
2026-02-17 00:17:29,675 | INFO | CRK_002.png          | Crack    | Open     | 0.1096       | 5.00 ms
2026-02-17 00:17:29,684 | INFO | CRK_003.png          | Crack    | Crack    | 0.1095       | 6.80 ms
2026-02-17 00:17:29,691 | INFO | CRK_004.png          | Crack    | CMP      | 0.1124       | 5.25 ms
2026-02-17 00:17:29,698 | INFO | CRK_005.png          | Crack    | Crack    | 0.1030       | 5.16 ms
2026-02-17 00:17:29,705 | INFO | CRK_006.png          | Crack    | Crack    | 0.1044       | 4.41 ms
2026-02-17 00:17:29,712 | INFO | CRK_007.png          | Crack    | Crack    | 0.1059       | 4.64 ms
2026-02-17 00:17:29,719 | INFO | CRK_008.png          | Crack    | Crack    | 0.1054       | 4.87 ms
2026-02-17 00:17:29,726 | INFO | CRK_009.png          | Crack    | Crack    | 0.1045       | 4.94 ms
2026-02-17 00:17:29,734 | INFO | CRK_010.png          | Crack    | Crack    | 0.1096       | 5.36 ms
2026-02-17 00:17:29,741 | INFO | CRK_011.png          | Crack    | CMP      | 0.1161       | 4.99 ms
2026-02-17 00:17:29,748 | INFO | CRK_012.png          | Crack    | Crack    | 0.1062       | 5.32 ms
2026-02-17 00:17:29,755 | INFO | CRK_013.png          | Crack    | Crack    | 0.1082       | 4.35 ms
2026-02-17 00:17:29,762 | INFO | CRK_014.png          | Crack    | Crack    | 0.1033       | 4.42 ms
2026-02-17 00:17:29,769 | INFO | CRK_015.png          | Crack    | Open     | 0.1153       | 5.58 ms
2026-02-17 00:17:29,776 | INFO | CRK_016.png          | Crack    | Crack    | 0.1099       | 5.18 ms
2026-02-17 00:17:29,785 | INFO | CRK_017.png          | Crack    | Open     | 0.1201       | 6.65 ms
2026-02-17 00:17:29,793 | INFO | CRK_018.png          | Crack    | Crack    | 0.1044       | 5.51 ms
2026-02-17 00:17:29,800 | INFO | CRK_019.png          | Crack    | Crack    | 0.1094       | 5.79 ms
2026-02-17 00:17:29,809 | INFO | CRK_020.png          | Crack    | Open     | 0.1114       | 6.38 ms
2026-02-17 00:17:29,816 | INFO | CRK_021.png          | Crack    | Open     | 0.1168       | 5.35 ms
2026-02-17 00:17:29,823 | INFO | CRK_022.png          | Crack    | Crack    | 0.1225       | 4.74 ms
2026-02-17 00:17:29,831 | INFO | CRK_023.png          | Crack    | Crack    | 0.1092       | 5.11 ms
2026-02-17 00:17:29,838 | INFO | CRK_024.png          | Crack    | Bridge   | 0.1148       | 5.07 ms
2026-02-17 00:17:29,845 | INFO | CRK_025.png          | Crack    | Crack    | 0.1037       | 5.03 ms
2026-02-17 00:17:29,853 | INFO | CRK_026.png          | Crack    | Clean    | 0.1698       | 6.32 ms
2026-02-17 00:17:29,861 | INFO | CRK_027.png          | Crack    | Bridge   | 0.1045       | 5.00 ms
2026-02-17 00:17:29,868 | INFO | CRK_028.png          | Crack    | Crack    | 0.1059       | 5.43 ms
2026-02-17 00:17:29,876 | INFO | CRK_029.png          | Crack    | Clean    | 0.1354       | 5.43 ms
2026-02-17 00:17:29,884 | INFO | CRK_030.png          | Crack    | Crack    | 0.1039       | 6.00 ms
2026-02-17 00:17:29,893 | INFO | CRK_031.png          | Crack    | Crack    | 0.1092       | 6.61 ms
2026-02-17 00:17:29,902 | INFO | LER_001.png          | LER      | Other    | 0.1707       | 5.63 ms
2026-02-17 00:17:29,909 | INFO | LER_002.png          | LER      | LER      | 0.1126       | 4.73 ms
2026-02-17 00:17:29,918 | INFO | LER_003.png          | LER      | Other    | 0.1326       | 6.16 ms
2026-02-17 00:17:29,925 | INFO | LER_004.png          | LER      | LER      | 0.1173       | 4.93 ms
2026-02-17 00:17:29,933 | INFO | LER_005.png          | LER      | Open     | 0.1199       | 6.28 ms
2026-02-17 00:17:29,942 | INFO | LER_006.png          | LER      | Open     | 0.1133       | 6.73 ms
2026-02-17 00:17:29,950 | INFO | LER_007.png          | LER      | Open     | 0.1129       | 5.70 ms
2026-02-17 00:17:29,957 | INFO | LER_008.png          | LER      | Other    | 0.1296       | 5.18 ms
2026-02-17 00:17:29,964 | INFO | LER_009.png          | LER      | LER      | 0.1225       | 5.09 ms
2026-02-17 00:17:29,972 | INFO | LER_010.png          | LER      | LER      | 0.1115       | 5.42 ms
2026-02-17 00:17:29,982 | INFO | LER_011.png          | LER      | Open     | 0.1140       | 6.38 ms
2026-02-17 00:17:29,989 | INFO | LER_012.png          | LER      | LER      | 0.1157       | 5.01 ms
2026-02-17 00:17:29,997 | INFO | LER_013.png          | LER      | LER      | 0.1175       | 5.02 ms
2026-02-17 00:17:30,005 | INFO | LER_014.png          | LER      | Other    | 0.1400       | 5.10 ms
2026-02-17 00:17:30,012 | INFO | LER_015.png          | LER      | Other    | 0.1335       | 4.58 ms
2026-02-17 00:17:30,020 | INFO | LER_016.png          | LER      | Other    | 0.1420       | 5.37 ms
2026-02-17 00:17:30,028 | INFO | LER_017.png          | LER      | Bridge   | 0.1043       | 5.89 ms
2026-02-17 00:17:30,037 | INFO | LER_018.png          | LER      | Open     | 0.1126       | 5.60 ms
2026-02-17 00:17:30,045 | INFO | LER_019.png          | LER      | Other    | 0.1465       | 5.24 ms
2026-02-17 00:17:30,052 | INFO | LER_020.png          | LER      | Open     | 0.1197       | 5.34 ms
2026-02-17 00:17:30,059 | INFO | LER_021.png          | LER      | Bridge   | 0.1058       | 4.97 ms
2026-02-17 00:17:30,067 | INFO | LER_022.png          | LER      | Bridge   | 0.1158       | 6.16 ms
2026-02-17 00:17:30,074 | INFO | LER_023.png          | LER      | LER      | 0.1195       | 5.18 ms
2026-02-17 00:17:30,081 | INFO | LER_024.png          | LER      | LER      | 0.1135       | 5.37 ms
2026-02-17 00:17:30,089 | INFO | LER_025.png          | LER      | LER      | 0.1126       | 5.30 ms
2026-02-17 00:17:30,098 | INFO | LER_026.png          | LER      | Bridge   | 0.1050       | 6.19 ms
2026-02-17 00:17:30,105 | INFO | LER_027.png          | LER      | Open     | 0.1098       | 5.01 ms
2026-02-17 00:17:30,111 | INFO | LER_028.png          | LER      | Clean    | 0.1750       | 5.01 ms
2026-02-17 00:17:30,119 | INFO | LER_029.png          | LER      | LER      | 0.1100       | 5.10 ms
2026-02-17 00:17:30,127 | INFO | LER_030.png          | LER      | Clean    | 0.1664       | 5.91 ms
2026-02-17 00:17:30,136 | INFO | OPN_001.png          | Open     | CMP      | 0.1160       | 5.61 ms
2026-02-17 00:17:30,144 | INFO | OPN_002.png          | Open     | Bridge   | 0.1087       | 5.64 ms
2026-02-17 00:17:30,152 | INFO | OPN_003.png          | Open     | Bridge   | 0.1108       | 6.10 ms
2026-02-17 00:17:30,160 | INFO | OPN_004.png          | Open     | Clean    | 0.1635       | 5.09 ms
2026-02-17 00:17:30,169 | INFO | OPN_005.png          | Open     | Bridge   | 0.1238       | 6.12 ms
2026-02-17 00:17:30,176 | INFO | OPN_006.png          | Open     | Open     | 0.1038       | 5.15 ms
2026-02-17 00:17:30,185 | INFO | OPN_007.png          | Open     | Bridge   | 0.1182       | 5.92 ms
2026-02-17 00:17:30,193 | INFO | OPN_008.png          | Open     | Open     | 0.1056       | 5.64 ms
2026-02-17 00:17:30,201 | INFO | OPN_009.png          | Open     | Crack    | 0.1097       | 5.22 ms
2026-02-17 00:17:30,209 | INFO | OPN_010.png          | Open     | Crack    | 0.1121       | 5.06 ms
2026-02-17 00:17:30,216 | INFO | OPN_011.png          | Open     | Open     | 0.1090       | 5.28 ms
2026-02-17 00:17:30,223 | INFO | OPN_012.png          | Open     | Clean    | 0.1470       | 4.70 ms
2026-02-17 00:17:30,230 | INFO | OPN_013.png          | Open     | Other    | 0.1286       | 5.49 ms
2026-02-17 00:17:30,238 | INFO | OPN_014.png          | Open     | Other    | 0.1289       | 4.67 ms
2026-02-17 00:17:30,246 | INFO | OPN_015.png          | Open     | Other    | 0.1479       | 5.28 ms
2026-02-17 00:17:30,253 | INFO | OPN_016.png          | Open     | Open     | 0.1037       | 5.50 ms
2026-02-17 00:17:30,260 | INFO | OPN_017.png          | Open     | Open     | 0.1039       | 5.10 ms
2026-02-17 00:17:30,268 | INFO | OPN_018.png          | Open     | Open     | 0.1041       | 5.46 ms
2026-02-17 00:17:30,276 | INFO | OPN_019.png          | Open     | Open     | 0.1074       | 5.02 ms
2026-02-17 00:17:30,283 | INFO | OPN_020.png          | Open     | Open     | 0.1094       | 5.95 ms
2026-02-17 00:17:30,290 | INFO | OPN_021.png          | Open     | Bridge   | 0.1180       | 4.98 ms
2026-02-17 00:17:30,298 | INFO | OPN_022.png          | Open     | Open     | 0.1066       | 5.67 ms
2026-02-17 00:17:30,306 | INFO | OPN_023.png          | Open     | Open     | 0.1086       | 5.14 ms
2026-02-17 00:17:30,312 | INFO | OPN_024.png          | Open     | Open     | 0.1029       | 4.82 ms
2026-02-17 00:17:30,321 | INFO | OPN_025.png          | Open     | Open     | 0.1062       | 5.41 ms
2026-02-17 00:17:30,329 | INFO | OPN_026.png          | Open     | Open     | 0.1145       | 5.27 ms
2026-02-17 00:17:30,337 | INFO | OPN_027.png          | Open     | Open     | 0.1035       | 5.36 ms
2026-02-17 00:17:30,345 | INFO | OPN_028.png          | Open     | Clean    | 0.1267       | 5.85 ms
2026-02-17 00:17:30,352 | INFO | OPN_029.png          | Open     | Open     | 0.1073       | 5.18 ms
2026-02-17 00:17:30,360 | INFO | OPN_030.png          | Open     | Via      | 0.1130       | 5.42 ms
2026-02-17 00:17:30,369 | INFO | OTH_001.png          | Other    | CMP      | 0.1076       | 5.85 ms
2026-02-17 00:17:30,377 | INFO | OTH_002.png          | Other    | Bridge   | 0.1058       | 5.64 ms
2026-02-17 00:17:30,385 | INFO | OTH_003.png          | Other    | LER      | 0.1125       | 5.93 ms
2026-02-17 00:17:30,393 | INFO | OTH_004.png          | Other    | Open     | 0.1059       | 5.21 ms
2026-02-17 00:17:30,399 | INFO | OTH_005.png          | Other    | CMP      | 0.1193       | 4.88 ms
2026-02-17 00:17:30,406 | INFO | OTH_006.png          | Other    | Open     | 0.1107       | 4.67 ms
2026-02-17 00:17:30,412 | INFO | OTH_007.png          | Other    | Other    | 0.1449       | 4.42 ms
2026-02-17 00:17:30,420 | INFO | OTH_008.png          | Other    | Bridge   | 0.1123       | 5.59 ms
2026-02-17 00:17:30,427 | INFO | OTH_009.png          | Other    | Crack    | 0.1170       | 4.45 ms
2026-02-17 00:17:30,433 | INFO | OTH_010.png          | Other    | CMP      | 0.1114       | 4.77 ms
2026-02-17 00:17:30,441 | INFO | OTH_011.png          | Other    | Via      | 0.1124       | 5.27 ms
2026-02-17 00:17:30,449 | INFO | OTH_012.png          | Other    | Open     | 0.1210       | 5.94 ms
2026-02-17 00:17:30,457 | INFO | OTH_013.png          | Other    | Other    | 0.1548       | 4.95 ms
2026-02-17 00:17:30,464 | INFO | OTH_014.png          | Other    | Other    | 0.1390       | 5.57 ms
2026-02-17 00:17:30,471 | INFO | OTH_015.png          | Other    | Crack    | 0.1076       | 4.95 ms
2026-02-17 00:17:30,480 | INFO | OTH_016.png          | Other    | Bridge   | 0.1057       | 5.42 ms
2026-02-17 00:17:30,488 | INFO | OTH_017.png          | Other    | Bridge   | 0.1090       | 5.49 ms
2026-02-17 00:17:30,495 | INFO | OTH_018.png          | Other    | Clean    | 0.1256       | 5.31 ms
2026-02-17 00:17:30,505 | INFO | OTH_019.png          | Other    | CMP      | 0.1105       | 5.98 ms
2026-02-17 00:17:30,512 | INFO | OTH_020.png          | Other    | Crack    | 0.1041       | 5.39 ms
2026-02-17 00:17:30,520 | INFO | OTH_021.png          | Other    | Open     | 0.1077       | 5.28 ms
2026-02-17 00:17:30,526 | INFO | OTH_022.png          | Other    | Bridge   | 0.1246       | 4.89 ms
2026-02-17 00:17:30,536 | INFO | OTH_023.png          | Other    | Open     | 0.1033       | 6.38 ms
2026-02-17 00:17:30,542 | INFO | OTH_024.png          | Other    | CMP      | 0.1120       | 4.35 ms
2026-02-17 00:17:30,549 | INFO | OTH_025.png          | Other    | Crack    | 0.1175       | 4.89 ms
2026-02-17 00:17:30,557 | INFO | OTH_026.png          | Other    | Open     | 0.1157       | 5.51 ms
2026-02-17 00:17:30,564 | INFO | OTH_027.png          | Other    | Crack    | 0.1124       | 5.36 ms
2026-02-17 00:17:30,573 | INFO | OTH_028.png          | Other    | CMP      | 0.1130       | 5.74 ms
2026-02-17 00:17:30,581 | INFO | OTH_029.png          | Other    | Open     | 0.1063       | 5.86 ms
2026-02-17 00:17:30,589 | INFO | OTH_030.png          | Other    | Bridge   | 0.1146       | 5.15 ms
2026-02-17 00:17:30,597 | INFO | OTH_031.png          | Other    | CMP      | 0.1117       | 5.85 ms
2026-02-17 00:17:30,605 | INFO | OTH_032.png          | Other    | Clean    | 0.1268       | 4.66 ms
2026-02-17 00:17:30,612 | INFO | OTH_033.png          | Other    | Bridge   | 0.1143       | 5.15 ms
2026-02-17 00:17:30,619 | INFO | OTH_034.png          | Other    | Crack    | 0.1060       | 5.37 ms
2026-02-17 00:17:30,626 | INFO | OTH_035.png          | Other    | Crack    | 0.1083       | 4.62 ms
2026-02-17 00:17:30,633 | INFO | OTH_036.png          | Other    | Clean    | 0.1334       | 4.91 ms
2026-02-17 00:17:30,640 | INFO | OTH_037.png          | Other    | Crack    | 0.1106       | 4.94 ms
2026-02-17 00:17:30,647 | INFO | OTH_038.png          | Other    | Crack    | 0.1046       | 5.81 ms
2026-02-17 00:17:30,655 | INFO | OTH_039.png          | Other    | Other    | 0.1505       | 5.21 ms
2026-02-17 00:17:30,661 | INFO | OTH_040.png          | Other    | Open     | 0.1118       | 4.29 ms
2026-02-17 00:17:30,668 | INFO | OTH_041.png          | Other    | Other    | 0.1358       | 5.21 ms
2026-02-17 00:17:30,675 | INFO | OTH_042.png          | Other    | Other    | 0.1408       | 5.40 ms
2026-02-17 00:17:30,684 | INFO | OTH_043.png          | Other    | Other    | 0.1255       | 6.04 ms
2026-02-17 00:17:30,692 | INFO | OTH_044.png          | Other    | Crack    | 0.1180       | 4.94 ms
2026-02-17 00:17:30,698 | INFO | OTH_045.png          | Other    | Clean    | 0.1251       | 4.66 ms
2026-02-17 00:17:30,705 | INFO | OTH_046.png          | Other    | Crack    | 0.1090       | 4.62 ms
2026-02-17 00:17:30,711 | INFO | OTH_047.png          | Other    | Open     | 0.1129       | 4.27 ms
2026-02-17 00:17:30,718 | INFO | OTH_048.png          | Other    | Crack    | 0.1232       | 5.28 ms
2026-02-17 00:17:30,725 | INFO | OTH_049.png          | Other    | Crack    | 0.1109       | 5.02 ms
2026-02-17 00:17:30,733 | INFO | OTH_050.png          | Other    | Open     | 0.1076       | 5.65 ms
2026-02-17 00:17:30,741 | INFO | PRT_001.png          | Other    | CMP      | 0.1134       | 5.45 ms
2026-02-17 00:17:30,748 | INFO | PRT_002.png          | Other    | Clean    | 0.1282       | 5.11 ms
2026-02-17 00:17:30,756 | INFO | PRT_003.png          | Other    | Open     | 0.1097       | 5.26 ms
2026-02-17 00:17:30,763 | INFO | PRT_004.png          | Other    | Clean    | 0.1520       | 5.44 ms
2026-02-17 00:17:30,770 | INFO | PRT_005.png          | Other    | Bridge   | 0.1205       | 4.88 ms
2026-02-17 00:17:30,778 | INFO | PRT_006.png          | Other    | Bridge   | 0.1179       | 5.16 ms
2026-02-17 00:17:30,785 | INFO | PRT_007.png          | Other    | Clean    | 0.1304       | 5.19 ms
2026-02-17 00:17:30,792 | INFO | PRT_008.png          | Other    | Other    | 0.1448       | 4.99 ms
2026-02-17 00:17:30,802 | INFO | PRT_009.png          | Other    | Crack    | 0.1091       | 7.54 ms
2026-02-17 00:17:30,812 | INFO | PRT_010.png          | Other    | Other    | 0.1225       | 4.42 ms
2026-02-17 00:17:30,819 | INFO | PRT_011.png          | Other    | Open     | 0.1142       | 4.81 ms
2026-02-17 00:17:30,827 | INFO | PRT_012.png          | Other    | Clean    | 0.1550       | 5.46 ms
2026-02-17 00:17:30,834 | INFO | PRT_013.png          | Other    | Open     | 0.1187       | 5.49 ms
2026-02-17 00:17:30,842 | INFO | PRT_014.png          | Other    | CMP      | 0.1177       | 5.13 ms
2026-02-17 00:17:30,850 | INFO | PRT_015.png          | Other    | Crack    | 0.1160       | 5.58 ms
2026-02-17 00:17:30,856 | INFO | PRT_016.png          | Other    | CMP      | 0.1070       | 4.36 ms
2026-02-17 00:17:30,864 | INFO | PRT_017.png          | Other    | Other    | 0.1101       | 5.29 ms
2026-02-17 00:17:30,871 | INFO | PRT_018.png          | Other    | CMP      | 0.1154       | 4.43 ms
2026-02-17 00:17:30,877 | INFO | PRT_019.png          | Other    | Open     | 0.1212       | 4.51 ms
2026-02-17 00:17:30,885 | INFO | PRT_020.png          | Other    | Bridge   | 0.1198       | 5.57 ms
2026-02-17 00:17:30,892 | INFO | PRT_021.png          | Other    | CMP      | 0.1141       | 4.48 ms
2026-02-17 00:17:30,900 | INFO | PRT_022.png          | Other    | Bridge   | 0.1154       | 6.24 ms
2026-02-17 00:17:30,906 | INFO | PRT_023.png          | Other    | CMP      | 0.1094       | 4.16 ms
2026-02-17 00:17:30,914 | INFO | PRT_024.png          | Other    | Bridge   | 0.1067       | 6.17 ms
2026-02-17 00:17:30,922 | INFO | PRT_025.png          | Other    | Open     | 0.1210       | 5.58 ms
2026-02-17 00:17:30,929 | INFO | PRT_026.png          | Other    | Open     | 0.1093       | 5.17 ms
2026-02-17 00:17:30,937 | INFO | PRT_027.png          | Other    | Via      | 0.1229       | 5.57 ms
2026-02-17 00:17:30,944 | INFO | PRT_028.png          | Other    | Clean    | 0.1259       | 5.32 ms
2026-02-17 00:17:30,953 | INFO | PRT_029.png          | Other    | Clean    | 0.1434       | 5.93 ms
2026-02-17 00:17:30,961 | INFO | PRT_030.png          | Other    | Crack    | 0.1153       | 5.40 ms
2026-02-17 00:17:30,969 | INFO | VIA_001.png          | Via      | Other    | 0.1359       | 5.17 ms
2026-02-17 00:17:30,975 | INFO | VIA_002.png          | Via      | Other    | 0.1542       | 4.55 ms
2026-02-17 00:17:30,983 | INFO | VIA_003.png          | Via      | Clean    | 0.1276       | 5.22 ms
2026-02-17 00:17:30,989 | INFO | VIA_004.png          | Via      | Crack    | 0.1115       | 4.44 ms
2026-02-17 00:17:30,997 | INFO | VIA_005.png          | Via      | Crack    | 0.1115       | 4.76 ms
2026-02-17 00:17:31,004 | INFO | VIA_006.png          | Via      | Other    | 0.1251       | 4.93 ms
2026-02-17 00:17:31,011 | INFO | VIA_007.png          | Via      | Other    | 0.1256       | 4.91 ms
2026-02-17 00:17:31,050 | INFO | VIA_008.png          | Via      | Other    | 0.1194       | 37.39 ms
2026-02-17 00:17:31,080 | INFO | VIA_009.png          | Via      | Clean    | 0.1328       | 7.01 ms
2026-02-17 00:17:31,088 | INFO | VIA_010.png          | Via      | Crack    | 0.1137       | 5.60 ms
2026-02-17 00:17:31,106 | INFO | VIA_011.png          | Via      | Clean    | 0.1396       | 4.97 ms
2026-02-17 00:17:31,112 | INFO | VIA_012.png          | Via      | Open     | 0.1179       | 4.42 ms
2026-02-17 00:17:31,120 | INFO | VIA_013.png          | Via      | Open     | 0.1079       | 5.08 ms
2026-02-17 00:17:31,128 | INFO | VIA_014.png          | Via      | Clean    | 0.1363       | 5.44 ms
2026-02-17 00:17:31,135 | INFO | VIA_015.png          | Via      | Bridge   | 0.1210       | 5.26 ms
2026-02-17 00:17:31,142 | INFO | VIA_016.png          | Via      | Open     | 0.1170       | 5.10 ms
2026-02-17 00:17:31,149 | INFO | VIA_017.png          | Via      | Other    | 0.1445       | 5.18 ms
2026-02-17 00:17:31,156 | INFO | VIA_018.png          | Via      | Other    | 0.1324       | 4.54 ms
2026-02-17 00:17:31,163 | INFO | VIA_019.png          | Via      | Other    | 0.1373       | 4.52 ms
2026-02-17 00:17:31,171 | INFO | VIA_020.png          | Via      | Open     | 0.1121       | 5.13 ms
2026-02-17 00:17:31,177 | INFO | VIA_021.png          | Via      | Crack    | 0.1125       | 4.87 ms
2026-02-17 00:17:31,185 | INFO | VIA_022.png          | Via      | Clean    | 0.2216       | 5.61 ms
2026-02-17 00:17:31,193 | INFO | VIA_023.png          | Via      | Clean    | 0.1381       | 5.43 ms
2026-02-17 00:17:31,202 | INFO | VIA_024.png          | Via      | Other    | 0.1410       | 6.20 ms
2026-02-17 00:17:31,209 | INFO | VIA_025.png          | Via      | CMP      | 0.1206       | 4.99 ms
2026-02-17 00:17:31,217 | INFO | VIA_026.png          | Via      | Open     | 0.1087       | 5.27 ms
2026-02-17 00:17:31,224 | INFO | VIA_027.png          | Via      | Other    | 0.1557       | 4.98 ms
2026-02-17 00:17:31,231 | INFO | VIA_028.png          | Via      | CMP      | 0.1077       | 5.05 ms
2026-02-17 00:17:31,237 | INFO | VIA_029.png          | Via      | Open     | 0.1110       | 4.34 ms
2026-02-17 00:17:31,243 | INFO | VIA_030.png          | Via      | CMP      | 0.1092       | 4.31 ms
2026-02-17 00:17:31,244 | INFO | -------------------------------------------------------------------------------
2026-02-17 00:17:31,244 | INFO | ⏱️ PHASE 3 DEPLOYMENT TELEMETRY REPORT:
2026-02-17 00:17:31,245 | INFO |    ▶ Total Images Processed : 296
2026-02-17 00:17:31,245 | INFO |    ▶ Total Inference Time   : 1585.23 ms
2026-02-17 00:17:31,245 | INFO |    ▶ Average Latency / Image: 5.36 ms
2026-02-17 00:17:31,245 | INFO |    ▶ Process RAM Footprint  : 207.29 MB (+11.48 MB during execution)
2026-02-17 00:17:31,246 | INFO | -------------------------------------------------------------------------------
2026-02-17 00:17:31,246 | INFO | 💾 Writing cleanly formatted softmax confidence scores to detailed_submission_scores.csv...
2026-02-17 00:17:31,258 | INFO | 📄 Text metrics saved to classification_metrics.txt
2026-02-17 00:17:31,259 | INFO | 🎨 Rendering 8-Class Matrix (Greens)...
2026-02-17 00:17:31,978 | INFO | 🎨 Rendering Industrial Binary Matrix...
2026-02-17 00:17:32,412 | INFO | 
=======================================================
2026-02-17 00:17:32,412 | INFO |  🛡️ FINAL BINARY VERDICT | Correct Cleans: 11 | Total Escapes: 29
2026-02-17 00:17:32,413 | INFO | =======================================================
2026-02-17 00:17:32,413 | INFO | 🏁 Execution Terminated. All deliverables packaged and saved.
